This is LuaTeX, Version beta-0.76.0-2013062820 (rev 4627)  (format=lualatex 2016.5.5)  27 OCT 2016 03:53
**LQ_M_nu.tex
("C:/Users/Oleg Popov/Dropbox/XlaM/ProjectsDB/LQ_Neutrino_Mass/LQ_M_nu.tex"
LaTeX2e <2011/06/27>
Babel <v3.8m> and hyphenation patterns for english, afrikaans, ancientgreek, ara
bic, armenian, assamese, basque, bengali, bokmal, bulgarian, catalan, coptic, cr
oatian, czech, danish, dutch, esperanto, estonian, farsi, finnish, french, galic
ian, german, german-x-2013-05-26, greek, gujarati, hindi, hungarian, icelandic, 
indonesian, interlingua, irish, italian, kannada, kurmanji, latin, latvian, lith
uanian, malayalam, marathi, mongolian, mongolianlmc, monogreek, ngerman, ngerman
-x-2013-05-26, nynorsk, oriya, panjabi, pinyin, polish, portuguese, romanian, ru
ssian, sanskrit, serbian, slovak, slovenian, spanish, swedish, swissgerman, tami
l, telugu, turkish, turkmen, ukenglish, ukrainian, uppersorbian, usenglishmax, w
elsh, loaded.
("C:/Program Files (x86)/MiKTeX 2.9/tex/latex/base/article.cls"
Document Class: article 2007/10/19 v1.4h Standard LaTeX document class
("C:/Program Files (x86)/MiKTeX 2.9/tex/latex/base/size10.clo"
File: size10.clo 2007/10/19 v1.4h Standard LaTeX file (size option)
)
\c@part=\count79
\c@section=\count80
\c@subsection=\count81
\c@subsubsection=\count82
\c@paragraph=\count83
\c@subparagraph=\count84
\c@figure=\count85
\c@table=\count86
\abovecaptionskip=\skip41
\belowcaptionskip=\skip42
\bibindent=\dimen102
)
("C:/Program Files (x86)/MiKTeX 2.9/tex/latex/geometry/geometry.sty"
Package: geometry 2010/09/12 v5.6 Page Geometry

("C:/Program Files (x86)/MiKTeX 2.9/tex/latex/graphics/keyval.sty"
Package: keyval 1999/03/16 v1.13 key=value parser (DPC)
\KV@toks@=\toks14
)
("C:/Program Files (x86)/MiKTeX 2.9/tex/generic/oberdiek/ifpdf.sty"
Package: ifpdf 2011/01/30 v2.3 Provides the ifpdf switch (HO)
Package ifpdf Info: pdfTeX in PDF mode is detected.
)
("C:/Program Files (x86)/MiKTeX 2.9/tex/generic/oberdiek/ifvtex.sty"
Package: ifvtex 2010/03/01 v1.5 Detect VTeX and its facilities (HO)
Package ifvtex Info: VTeX not detected.
)
("C:/Program Files (x86)/MiKTeX 2.9/tex/generic/ifxetex/ifxetex.sty"
Package: ifxetex 2010/09/12 v0.6 Provides ifxetex conditional
)
\Gm@cnth=\count87
\Gm@cntv=\count88
\c@Gm@tempcnt=\count89
\Gm@bindingoffset=\dimen103
\Gm@wd@mp=\dimen104
\Gm@odd@mp=\dimen105
\Gm@even@mp=\dimen106
\Gm@layoutwidth=\dimen107
\Gm@layoutheight=\dimen108
\Gm@layouthoffset=\dimen109
\Gm@layoutvoffset=\dimen110
\Gm@dimlist=\toks15

("C:/Program Files (x86)/MiKTeX 2.9/tex/latex/geometry/geometry.cfg"))
("C:/Users/Oleg Popov/AppData/Roaming/MiKTeX/2.9/tex/latex/wrapfig/wrapfig.sty"
\wrapoverhang=\dimen111
\WF@size=\dimen112
\c@WF@wrappedlines=\count90
\WF@box=\box26
\WF@everypar=\toks16
Package: wrapfig 2003/01/31  v 3.6
) ("C:/Program Files (x86)/MiKTeX 2.9/tex/latex/mathtools/mathtools.sty"
Package: mathtools 2015/06/17 v1.17 mathematical typesetting tools

("C:/Program Files (x86)/MiKTeX 2.9/tex/latex/tools/calc.sty"
Package: calc 2007/08/22 v4.3 Infix arithmetic (KKT,FJ)
\calc@Acount=\count91
\calc@Bcount=\count92
\calc@Adimen=\dimen113
\calc@Bdimen=\dimen114
\calc@Askip=\skip43
\calc@Bskip=\skip44
LaTeX Info: Redefining \setlength on input line 76.
LaTeX Info: Redefining \addtolength on input line 77.
\calc@Ccount=\count93
\calc@Cskip=\skip45
)
("C:/Program Files (x86)/MiKTeX 2.9/tex/latex/mathtools/mhsetup.sty"
Package: mhsetup 2010/01/21 v1.2a programming setup (MH)
)
("C:/Program Files (x86)/MiKTeX 2.9/tex/latex/amsmath/amsmath.sty"
Package: amsmath 2013/01/14 v2.14 AMS math features
\@mathmargin=\skip46

For additional information on amsmath, use the `?' option.
("C:/Program Files (x86)/MiKTeX 2.9/tex/latex/amsmath/amstext.sty"
Package: amstext 2000/06/29 v2.01

("C:/Program Files (x86)/MiKTeX 2.9/tex/latex/amsmath/amsgen.sty"
File: amsgen.sty 1999/11/30 v2.0
\@emptytoks=\toks17
\ex@=\dimen115
))
("C:/Program Files (x86)/MiKTeX 2.9/tex/latex/amsmath/amsbsy.sty"
Package: amsbsy 1999/11/29 v1.2d
\pmbraise@=\dimen116
)
("C:/Program Files (x86)/MiKTeX 2.9/tex/latex/amsmath/amsopn.sty"
Package: amsopn 1999/12/14 v2.01 operator names
)
\inf@bad=\count94
LaTeX Info: Redefining \frac on input line 210.
\uproot@=\count95
\leftroot@=\count96
LaTeX Info: Redefining \overline on input line 306.
\classnum@=\count97
\DOTSCASE@=\count98
LaTeX Info: Redefining \ldots on input line 378.
LaTeX Info: Redefining \dots on input line 381.
LaTeX Info: Redefining \cdots on input line 466.
\Mathstrutbox@=\box27
\strutbox@=\box28
\big@size=\dimen117
LaTeX Font Info:    Redeclaring font encoding OML on input line 566.
LaTeX Font Info:    Redeclaring font encoding OMS on input line 567.
\macc@depth=\count99
\c@MaxMatrixCols=\count100
\dotsspace@=\muskip10
\c@parentequation=\count101
\dspbrk@lvl=\count102
\tag@help=\toks18
\row@=\count103
\column@=\count104
\maxfields@=\count105
\andhelp@=\toks19
\eqnshift@=\dimen118
\alignsep@=\dimen119
\tagshift@=\dimen120
\tagwidth@=\dimen121
\totwidth@=\dimen122
\lineht@=\dimen123
\@envbody=\toks20
\multlinegap=\skip47
\multlinetaggap=\skip48
\mathdisplay@stack=\toks21
LaTeX Info: Redefining \[ on input line 2665.
LaTeX Info: Redefining \] on input line 2666.
)
LaTeX Info: Thecontrolsequence`\['isalreadyrobust on input line 129.
LaTeX Info: Thecontrolsequence`\]'isalreadyrobust on input line 129.
\g_MT_multlinerow_int=\count106
\l_MT_multwidth_dim=\dimen124
\origjot=\skip49
\l_MT_shortvdotswithinadjustabove_dim=\dimen125
\l_MT_shortvdotswithinadjustbelow_dim=\dimen126
\l_MT_above_intertext_sep=\dimen127
\l_MT_below_intertext_sep=\dimen128
\l_MT_above_shortintertext_sep=\dimen129
\l_MT_below_shortintertext_sep=\dimen130
)
("C:/Program Files (x86)/MiKTeX 2.9/tex/latex/jknappen/mathrsfs.sty"
Package: mathrsfs 1996/01/01 Math RSFS package v1.0 (jk)
\symrsfs=\mathgroup4
)
("C:/Program Files (x86)/MiKTeX 2.9/tex/latex/graphics/graphicx.sty"
Package: graphicx 1999/02/16 v1.0f Enhanced LaTeX Graphics (DPC,SPQR)

("C:/Program Files (x86)/MiKTeX 2.9/tex/latex/graphics/graphics.sty"
Package: graphics 2009/02/05 v1.0o Standard LaTeX Graphics (DPC,SPQR)

("C:/Program Files (x86)/MiKTeX 2.9/tex/latex/graphics/trig.sty"
Package: trig 1999/03/16 v1.09 sin cos tan (DPC)
)
("C:/Program Files (x86)/MiKTeX 2.9/tex/latex/00miktex/graphics.cfg"
File: graphics.cfg 2007/01/18 v1.5 graphics configuration of teTeX/TeXLive
)
Package graphics Info: Driver file: pdftex.def on input line 91.

("C:/Program Files (x86)/MiKTeX 2.9/tex/latex/pdftex-def/pdftex.def"
File: pdftex.def 2011/05/27 v0.06d Graphics/color for pdfTeX

("C:/Program Files (x86)/MiKTeX 2.9/tex/generic/oberdiek/infwarerr.sty"
Package: infwarerr 2010/04/08 v1.3 Providing info/warning/error messages (HO)
)
("C:/Program Files (x86)/MiKTeX 2.9/tex/generic/oberdiek/ltxcmds.sty"
Package: ltxcmds 2011/11/09 v1.22 LaTeX kernel commands for general use (HO)
)
("C:/Program Files (x86)/MiKTeX 2.9/tex/generic/oberdiek/pdftexcmds.sty"
Package: pdftexcmds 2011/11/29 v0.20 Utility functions of pdfTeX for LuaTeX (HO)


("C:/Program Files (x86)/MiKTeX 2.9/tex/generic/oberdiek/ifluatex.sty"
Package: ifluatex 2010/03/01 v1.3 Provides the ifluatex switch (HO)
Package ifluatex Info: LuaTeX detected.
)
Package pdftexcmds Info: \pdf@primitive is available.
Package pdftexcmds Info: \pdf@ifprimitive is available.
Package pdftexcmds Info: \pdfdraftmode found.

("C:/Program Files (x86)/MiKTeX 2.9/tex/generic/oberdiek/luatex-loader.sty"
Package: luatex-loader 2010/03/09 v0.4 Lua module loader (HO)

(C:/Program Files (x86)/MiKTeX 2.9/scripts/oberdiek/oberdiek.luatex.lua))
\pdftexcmds@toks=\toks22
)
\Gread@gobject=\count107
))
\Gin@req@height=\dimen131
\Gin@req@width=\dimen132
)
("C:/Users/Oleg Popov/AppData/Roaming/MiKTeX/2.9/tex/latex/caption/caption.sty"
Package: caption 2016/02/21 v3.3-144 Customizing captions (AR)
("C:/Users/Oleg Popov/AppData/Roaming/MiKTeX/2.9/tex/latex/caption/caption3.sty
"
Package: caption3 2016/05/22 v1.7-166 caption3 kernel (AR)
Package caption3 Info: TeX engine: e-TeX on input line 67.
\captionmargin=\dimen133
\captionmargin@=\dimen134
\captionwidth=\dimen135
\caption@tempdima=\dimen136
\caption@indent=\dimen137
\caption@parindent=\dimen138
\caption@hangindent=\dimen139
)
\c@ContinuedFloat=\count108
Package caption Info: wrapfig package is loaded.
)
("C:/Users/Oleg Popov/AppData/Roaming/MiKTeX/2.9/tex/latex/caption/subcaption.s
ty"
Package: subcaption 2016/05/22 v1.1-161 Sub-captions (AR)
\c@subfigure=\count109
\c@subtable=\count110
)
("C:/Users/Oleg Popov/Dropbox/XlaM/ProjectsDB/LQ_Neutrino_Mass/tikz-feynman.sty
"
Package: tikz-feynman 2016/02/05v1.1.0Feynman diagrams with TikZ

("C:/Users/Oleg Popov/AppData/Roaming/MiKTeX/2.9/tex/latex/pgf/frontendlayer/ti
kz.sty"
("C:/Users/Oleg Popov/AppData/Roaming/MiKTeX/2.9/tex/latex/pgf/basiclayer/pgf.s
ty"
("C:/Users/Oleg Popov/AppData/Roaming/MiKTeX/2.9/tex/latex/pgf/utilities/pgfrcs
.sty"
("C:/Users/Oleg Popov/AppData/Roaming/MiKTeX/2.9/tex/generic/pgf/utilities/pgfu
til-common.tex"
\pgfutil@everybye=\toks23
\pgfutil@tempdima=\dimen140
\pgfutil@tempdimb=\dimen141

("C:/Users/Oleg Popov/AppData/Roaming/MiKTeX/2.9/tex/generic/pgf/utilities/pgfu
til-common-lists.tex"))
("C:/Users/Oleg Popov/AppData/Roaming/MiKTeX/2.9/tex/generic/pgf/utilities/pgfu
til-latex.def"
\pgfutil@abb=\box29

("C:/Users/Oleg Popov/AppData/Roaming/MiKTeX/2.9/tex/latex/ms/everyshi.sty"
Package: everyshi 2001/05/15 v3.00 EveryShipout Package (MS)
))
("C:/Users/Oleg Popov/AppData/Roaming/MiKTeX/2.9/tex/generic/pgf/utilities/pgfr
cs.code.tex"
Package: pgfrcs 2015/08/07 v3.0.1a (rcs-revision 1.31)
))
Package: pgf 2015/08/07 v3.0.1a (rcs-revision 1.15)

("C:/Users/Oleg Popov/AppData/Roaming/MiKTeX/2.9/tex/latex/pgf/basiclayer/pgfco
re.sty"
("C:/Users/Oleg Popov/AppData/Roaming/MiKTeX/2.9/tex/latex/pgf/systemlayer/pgfs
ys.sty"
("C:/Users/Oleg Popov/AppData/Roaming/MiKTeX/2.9/tex/generic/pgf/systemlayer/pg
fsys.code.tex"
Package: pgfsys 2014/07/09 v3.0.1a (rcs-revision 1.48)

("C:/Users/Oleg Popov/AppData/Roaming/MiKTeX/2.9/tex/generic/pgf/utilities/pgfk
eys.code.tex"
\pgfkeys@pathtoks=\toks24
\pgfkeys@temptoks=\toks25

("C:/Users/Oleg Popov/AppData/Roaming/MiKTeX/2.9/tex/generic/pgf/utilities/pgfk
eysfiltered.code.tex"
\pgfkeys@tmptoks=\toks26
))
\pgf@x=\dimen142
\pgf@y=\dimen143
\pgf@xa=\dimen144
\pgf@ya=\dimen145
\pgf@xb=\dimen146
\pgf@yb=\dimen147
\pgf@xc=\dimen148
\pgf@yc=\dimen149
\w@pgf@writea=\write3
\r@pgf@reada=\read1
\c@pgf@counta=\count111
\c@pgf@countb=\count112
\c@pgf@countc=\count113
\c@pgf@countd=\count114
\t@pgf@toka=\toks27
\t@pgf@tokb=\toks28
\t@pgf@tokc=\toks29

("C:/Users/Oleg Popov/AppData/Roaming/MiKTeX/2.9/tex/generic/pgf/systemlayer/pg
f.cfg"
File: pgf.cfg 2008/05/14  (rcs-revision 1.7)
)
Driver file for pgf: pgfsys-pdftex.def

("C:/Users/Oleg Popov/AppData/Roaming/MiKTeX/2.9/tex/generic/pgf/systemlayer/pg
fsys-pdftex.def"
File: pgfsys-pdftex.def 2014/10/11  (rcs-revision 1.35)

("C:/Users/Oleg Popov/AppData/Roaming/MiKTeX/2.9/tex/generic/pgf/systemlayer/pg
fsys-common-pdf.def"
File: pgfsys-common-pdf.def 2013/10/10  (rcs-revision 1.13)
)))
("C:/Users/Oleg Popov/AppData/Roaming/MiKTeX/2.9/tex/generic/pgf/systemlayer/pg
fsyssoftpath.code.tex"
File: pgfsyssoftpath.code.tex 2013/09/09  (rcs-revision 1.9)
\pgfsyssoftpath@smallbuffer@items=\count115
\pgfsyssoftpath@bigbuffer@items=\count116
)
("C:/Users/Oleg Popov/AppData/Roaming/MiKTeX/2.9/tex/generic/pgf/systemlayer/pg
fsysprotocol.code.tex"
File: pgfsysprotocol.code.tex 2006/10/16  (rcs-revision 1.4)
))
("C:/Users/Oleg Popov/AppData/Roaming/MiKTeX/2.9/tex/latex/xcolor/xcolor.sty"
Package: xcolor 2016/05/11 v2.12 LaTeX color extensions (UK)

("C:/Program Files (x86)/MiKTeX 2.9/tex/latex/00miktex/color.cfg"
File: color.cfg 2007/01/18 v1.5 color configuration of teTeX/TeXLive
)
Package xcolor Info: Driver file: pdftex.def on input line 225.
Package xcolor Info: Model `cmy' substituted by `cmy0' on input line 1348.
Package xcolor Info: Model `hsb' substituted by `rgb' on input line 1352.
Package xcolor Info: Model `RGB' extended on input line 1364.
Package xcolor Info: Model `HTML' substituted by `rgb' on input line 1366.
Package xcolor Info: Model `Hsb' substituted by `hsb' on input line 1367.
Package xcolor Info: Model `tHsb' substituted by `hsb' on input line 1368.
Package xcolor Info: Model `HSB' substituted by `hsb' on input line 1369.
Package xcolor Info: Model `Gray' substituted by `gray' on input line 1370.
Package xcolor Info: Model `wave' substituted by `hsb' on input line 1371.
)
("C:/Users/Oleg Popov/AppData/Roaming/MiKTeX/2.9/tex/generic/pgf/basiclayer/pgf
core.code.tex"
Package: pgfcore 2010/04/11 v3.0.1a (rcs-revision 1.7)

("C:/Users/Oleg Popov/AppData/Roaming/MiKTeX/2.9/tex/generic/pgf/math/pgfmath.c
ode.tex"
("C:/Users/Oleg Popov/AppData/Roaming/MiKTeX/2.9/tex/generic/pgf/math/pgfmathca
lc.code.tex"
("C:/Users/Oleg Popov/AppData/Roaming/MiKTeX/2.9/tex/generic/pgf/math/pgfmathut
il.code.tex")
("C:/Users/Oleg Popov/AppData/Roaming/MiKTeX/2.9/tex/generic/pgf/math/pgfmathpa
rser.code.tex"
\pgfmath@dimen=\dimen150
\pgfmath@count=\count117
\pgfmath@box=\box30
\pgfmath@toks=\toks30
\pgfmath@stack@operand=\toks31
\pgfmath@stack@operation=\toks32
)
("C:/Users/Oleg Popov/AppData/Roaming/MiKTeX/2.9/tex/generic/pgf/math/pgfmathfu
nctions.code.tex"
("C:/Users/Oleg Popov/AppData/Roaming/MiKTeX/2.9/tex/generic/pgf/math/pgfmathfu
nctions.basic.code.tex")
("C:/Users/Oleg Popov/AppData/Roaming/MiKTeX/2.9/tex/generic/pgf/math/pgfmathfu
nctions.trigonometric.code.tex")
("C:/Users/Oleg Popov/AppData/Roaming/MiKTeX/2.9/tex/generic/pgf/math/pgfmathfu
nctions.random.code.tex")
("C:/Users/Oleg Popov/AppData/Roaming/MiKTeX/2.9/tex/generic/pgf/math/pgfmathfu
nctions.comparison.code.tex")
("C:/Users/Oleg Popov/AppData/Roaming/MiKTeX/2.9/tex/generic/pgf/math/pgfmathfu
nctions.base.code.tex")
("C:/Users/Oleg Popov/AppData/Roaming/MiKTeX/2.9/tex/generic/pgf/math/pgfmathfu
nctions.round.code.tex")
("C:/Users/Oleg Popov/AppData/Roaming/MiKTeX/2.9/tex/generic/pgf/math/pgfmathfu
nctions.misc.code.tex")
("C:/Users/Oleg Popov/AppData/Roaming/MiKTeX/2.9/tex/generic/pgf/math/pgfmathfu
nctions.integerarithmetics.code.tex")))
("C:/Users/Oleg Popov/AppData/Roaming/MiKTeX/2.9/tex/generic/pgf/math/pgfmathfl
oat.code.tex"
\c@pgfmathroundto@lastzeros=\count118
))
("C:/Users/Oleg Popov/AppData/Roaming/MiKTeX/2.9/tex/generic/pgf/basiclayer/pgf
corepoints.code.tex"
File: pgfcorepoints.code.tex 2013/10/07  (rcs-revision 1.27)
\pgf@picminx=\dimen151
\pgf@picmaxx=\dimen152
\pgf@picminy=\dimen153
\pgf@picmaxy=\dimen154
\pgf@pathminx=\dimen155
\pgf@pathmaxx=\dimen156
\pgf@pathminy=\dimen157
\pgf@pathmaxy=\dimen158
\pgf@xx=\dimen159
\pgf@xy=\dimen160
\pgf@yx=\dimen161
\pgf@yy=\dimen162
\pgf@zx=\dimen163
\pgf@zy=\dimen164
)
("C:/Users/Oleg Popov/AppData/Roaming/MiKTeX/2.9/tex/generic/pgf/basiclayer/pgf
corepathconstruct.code.tex"
File: pgfcorepathconstruct.code.tex 2013/10/07  (rcs-revision 1.29)
\pgf@path@lastx=\dimen165
\pgf@path@lasty=\dimen166
)
("C:/Users/Oleg Popov/AppData/Roaming/MiKTeX/2.9/tex/generic/pgf/basiclayer/pgf
corepathusage.code.tex"
File: pgfcorepathusage.code.tex 2014/11/02  (rcs-revision 1.24)
\pgf@shorten@end@additional=\dimen167
\pgf@shorten@start@additional=\dimen168
)
("C:/Users/Oleg Popov/AppData/Roaming/MiKTeX/2.9/tex/generic/pgf/basiclayer/pgf
corescopes.code.tex"
File: pgfcorescopes.code.tex 2015/05/08  (rcs-revision 1.46)
\pgfpic=\box31
\pgf@hbox=\box32
\pgf@layerbox@main=\box33
\pgf@picture@serial@count=\count119
)
("C:/Users/Oleg Popov/AppData/Roaming/MiKTeX/2.9/tex/generic/pgf/basiclayer/pgf
coregraphicstate.code.tex"
File: pgfcoregraphicstate.code.tex 2014/11/02  (rcs-revision 1.12)
\pgflinewidth=\dimen169
)
("C:/Users/Oleg Popov/AppData/Roaming/MiKTeX/2.9/tex/generic/pgf/basiclayer/pgf
coretransformations.code.tex"
File: pgfcoretransformations.code.tex 2015/08/07  (rcs-revision 1.20)
\pgf@pt@x=\dimen170
\pgf@pt@y=\dimen171
\pgf@pt@temp=\dimen172
)
("C:/Users/Oleg Popov/AppData/Roaming/MiKTeX/2.9/tex/generic/pgf/basiclayer/pgf
corequick.code.tex"
File: pgfcorequick.code.tex 2008/10/09  (rcs-revision 1.3)
)
("C:/Users/Oleg Popov/AppData/Roaming/MiKTeX/2.9/tex/generic/pgf/basiclayer/pgf
coreobjects.code.tex"
File: pgfcoreobjects.code.tex 2006/10/11  (rcs-revision 1.2)
)
("C:/Users/Oleg Popov/AppData/Roaming/MiKTeX/2.9/tex/generic/pgf/basiclayer/pgf
corepathprocessing.code.tex"
File: pgfcorepathprocessing.code.tex 2013/09/09  (rcs-revision 1.9)
)
("C:/Users/Oleg Popov/AppData/Roaming/MiKTeX/2.9/tex/generic/pgf/basiclayer/pgf
corearrows.code.tex"
File: pgfcorearrows.code.tex 2015/05/14  (rcs-revision 1.43)
\pgfarrowsep=\dimen173
)
("C:/Users/Oleg Popov/AppData/Roaming/MiKTeX/2.9/tex/generic/pgf/basiclayer/pgf
coreshade.code.tex"
File: pgfcoreshade.code.tex 2013/07/15  (rcs-revision 1.15)
\pgf@max=\dimen174
\pgf@sys@shading@range@num=\count120
)
("C:/Users/Oleg Popov/AppData/Roaming/MiKTeX/2.9/tex/generic/pgf/basiclayer/pgf
coreimage.code.tex"
File: pgfcoreimage.code.tex 2013/07/15  (rcs-revision 1.18)

("C:/Users/Oleg Popov/AppData/Roaming/MiKTeX/2.9/tex/generic/pgf/basiclayer/pgf
coreexternal.code.tex"
File: pgfcoreexternal.code.tex 2014/07/09  (rcs-revision 1.21)
\pgfexternal@startupbox=\box34
))
("C:/Users/Oleg Popov/AppData/Roaming/MiKTeX/2.9/tex/generic/pgf/basiclayer/pgf
corelayers.code.tex"
File: pgfcorelayers.code.tex 2013/07/18  (rcs-revision 1.7)
)
("C:/Users/Oleg Popov/AppData/Roaming/MiKTeX/2.9/tex/generic/pgf/basiclayer/pgf
coretransparency.code.tex"
File: pgfcoretransparency.code.tex 2013/09/30  (rcs-revision 1.5)
)
("C:/Users/Oleg Popov/AppData/Roaming/MiKTeX/2.9/tex/generic/pgf/basiclayer/pgf
corepatterns.code.tex"
File: pgfcorepatterns.code.tex 2013/11/07  (rcs-revision 1.5)
)))
("C:/Users/Oleg Popov/AppData/Roaming/MiKTeX/2.9/tex/generic/pgf/modules/pgfmod
uleshapes.code.tex"
File: pgfmoduleshapes.code.tex 2014/03/21  (rcs-revision 1.35)
\pgfnodeparttextbox=\box35
)
("C:/Users/Oleg Popov/AppData/Roaming/MiKTeX/2.9/tex/generic/pgf/modules/pgfmod
uleplot.code.tex"
File: pgfmoduleplot.code.tex 2015/08/03  (rcs-revision 1.13)
)
("C:/Users/Oleg Popov/AppData/Roaming/MiKTeX/2.9/tex/latex/pgf/compatibility/pg
fcomp-version-0-65.sty"
Package: pgfcomp-version-0-65 2007/07/03 v3.0.1a (rcs-revision 1.7)
\pgf@nodesepstart=\dimen175
\pgf@nodesepend=\dimen176
)
("C:/Users/Oleg Popov/AppData/Roaming/MiKTeX/2.9/tex/latex/pgf/compatibility/pg
fcomp-version-1-18.sty"
Package: pgfcomp-version-1-18 2007/07/23 v3.0.1a (rcs-revision 1.1)
))
("C:/Users/Oleg Popov/AppData/Roaming/MiKTeX/2.9/tex/latex/pgf/utilities/pgffor
.sty"
("C:/Users/Oleg Popov/AppData/Roaming/MiKTeX/2.9/tex/latex/pgf/utilities/pgfkey
s.sty"
("C:/Users/Oleg Popov/AppData/Roaming/MiKTeX/2.9/tex/generic/pgf/utilities/pgfk
eys.code.tex"))
("C:/Users/Oleg Popov/AppData/Roaming/MiKTeX/2.9/tex/latex/pgf/math/pgfmath.sty
"
("C:/Users/Oleg Popov/AppData/Roaming/MiKTeX/2.9/tex/generic/pgf/math/pgfmath.c
ode.tex"))
("C:/Users/Oleg Popov/AppData/Roaming/MiKTeX/2.9/tex/generic/pgf/utilities/pgff
or.code.tex"
Package: pgffor 2013/12/13 v3.0.1a (rcs-revision 1.25)

("C:/Users/Oleg Popov/AppData/Roaming/MiKTeX/2.9/tex/generic/pgf/math/pgfmath.c
ode.tex")
\pgffor@iter=\dimen177
\pgffor@skip=\dimen178
\pgffor@stack=\toks33
\pgffor@toks=\toks34
))
("C:/Users/Oleg Popov/AppData/Roaming/MiKTeX/2.9/tex/generic/pgf/frontendlayer/
tikz/tikz.code.tex"
Package: tikz 2015/08/07 v3.0.1a (rcs-revision 1.151)

("C:/Users/Oleg Popov/AppData/Roaming/MiKTeX/2.9/tex/generic/pgf/libraries/pgfl
ibraryplothandlers.code.tex"
File: pgflibraryplothandlers.code.tex 2013/08/31 v3.0.1a (rcs-revision 1.20)
\pgf@plot@mark@count=\count121
\pgfplotmarksize=\dimen179
)
\tikz@lastx=\dimen180
\tikz@lasty=\dimen181
\tikz@lastxsaved=\dimen182
\tikz@lastysaved=\dimen183
\tikzleveldistance=\dimen184
\tikzsiblingdistance=\dimen185
\tikz@figbox=\box36
\tikz@figbox@bg=\box37
\tikz@tempbox=\box38
\tikz@tempbox@bg=\box39
\tikztreelevel=\count122
\tikznumberofchildren=\count123
\tikznumberofcurrentchild=\count124
\tikz@fig@count=\count125

("C:/Users/Oleg Popov/AppData/Roaming/MiKTeX/2.9/tex/generic/pgf/modules/pgfmod
ulematrix.code.tex"
File: pgfmodulematrix.code.tex 2013/09/17  (rcs-revision 1.8)
\pgfmatrixcurrentrow=\count126
\pgfmatrixcurrentcolumn=\count127
\pgf@matrix@numberofcolumns=\count128
)
\tikz@expandcount=\count129

("C:/Users/Oleg Popov/AppData/Roaming/MiKTeX/2.9/tex/generic/pgf/frontendlayer/
tikz/libraries/tikzlibrarytopaths.code.tex"
File: tikzlibrarytopaths.code.tex 2008/06/17 v3.0.1a (rcs-revision 1.2)
)))
("C:/Users/Oleg Popov/AppData/Roaming/MiKTeX/2.9/tex/latex/pgfopts/pgfopts.sty"
Package: pgfopts 2014/07/10 v2.1a LaTeX package options with pgfkeys
\pgfopts@list@add@a@toks=\toks35
\pgfopts@list@add@b@toks=\toks36
)
("C:/Users/Oleg Popov/Dropbox/XlaM/ProjectsDB/LQ_Neutrino_Mass/tikzlibraryfeynm
an.code.tex"
("C:/Users/Oleg Popov/AppData/Roaming/MiKTeX/2.9/tex/generic/pgf/libraries/pgfl
ibraryarrows.meta.code.tex"
File: pgflibraryarrows.meta.code.tex 2015/05/13 v3.0.1a (rcs-revision 1.13)
\pgfarrowinset=\dimen186
\pgfarrowlength=\dimen187
\pgfarrowwidth=\dimen188
\pgfarrowlinewidth=\dimen189
)
("C:/Users/Oleg Popov/AppData/Roaming/MiKTeX/2.9/tex/generic/pgf/frontendlayer/
tikz/libraries/tikzlibrarycalc.code.tex"
File: tikzlibrarycalc.code.tex 2013/07/15 v3.0.1a (rcs-revision 1.9)
)
("C:/Users/Oleg Popov/AppData/Roaming/MiKTeX/2.9/tex/generic/pgf/frontendlayer/
tikz/libraries/tikzlibrarydecorations.code.tex"
("C:/Users/Oleg Popov/AppData/Roaming/MiKTeX/2.9/tex/generic/pgf/modules/pgfmod
uledecorations.code.tex"
\pgfdecoratedcompleteddistance=\dimen190
\pgfdecoratedremainingdistance=\dimen191
\pgfdecoratedinputsegmentcompleteddistance=\dimen192
\pgfdecoratedinputsegmentremainingdistance=\dimen193
\pgf@decorate@distancetomove=\dimen194
\pgf@decorate@repeatstate=\count130
\pgfdecorationsegmentamplitude=\dimen195
\pgfdecorationsegmentlength=\dimen196
)
\tikz@lib@dec@box=\box40
)
("C:/Users/Oleg Popov/AppData/Roaming/MiKTeX/2.9/tex/generic/pgf/frontendlayer/
tikz/libraries/tikzlibrarydecorations.markings.code.tex"
("C:/Users/Oleg Popov/AppData/Roaming/MiKTeX/2.9/tex/generic/pgf/libraries/deco
rations/pgflibrarydecorations.markings.code.tex"))
("C:/Users/Oleg Popov/AppData/Roaming/MiKTeX/2.9/tex/generic/pgf/frontendlayer/
tikz/libraries/tikzlibrarydecorations.pathmorphing.code.tex"
("C:/Users/Oleg Popov/AppData/Roaming/MiKTeX/2.9/tex/generic/pgf/libraries/deco
rations/pgflibrarydecorations.pathmorphing.code.tex"))
("C:/Users/Oleg Popov/AppData/Roaming/MiKTeX/2.9/tex/generic/pgf/frontendlayer/
tikz/libraries/tikzlibrarydecorations.pathreplacing.code.tex"
("C:/Users/Oleg Popov/AppData/Roaming/MiKTeX/2.9/tex/generic/pgf/libraries/deco
rations/pgflibrarydecorations.pathreplacing.code.tex"))
("C:/Users/Oleg Popov/AppData/Roaming/MiKTeX/2.9/tex/generic/pgf/frontendlayer/
tikz/libraries/graphs/tikzlibrarygraphs.code.tex"
File: tikzlibrarygraphs.code.tex 2015/06/05 v3.0.1a (rcs-revision 1.44)
\tikz@lib@auto@number=\count131
\tikz@qnode@count=\count132
)
("C:/Users/Oleg Popov/AppData/Roaming/MiKTeX/2.9/tex/generic/pgf/frontendlayer/
tikz/libraries/tikzlibrarypatterns.code.tex"
File: tikzlibrarypatterns.code.tex 2008/01/15 v3.0.1a (rcs-revision 1.2)

("C:/Users/Oleg Popov/AppData/Roaming/MiKTeX/2.9/tex/generic/pgf/libraries/pgfl
ibrarypatterns.code.tex"
File: pgflibrarypatterns.code.tex 2008/03/03 v3.0.1a (rcs-revision 1.13)
))
("C:/Users/Oleg Popov/AppData/Roaming/MiKTeX/2.9/tex/generic/pgf/frontendlayer/
tikz/libraries/tikzlibrarypositioning.code.tex"
File: tikzlibrarypositioning.code.tex 2008/10/06 v3.0.1a (rcs-revision 1.7)
)
("C:/Users/Oleg Popov/AppData/Roaming/MiKTeX/2.9/tex/generic/pgf/frontendlayer/
tikz/libraries/tikzlibraryshapes.geometric.code.tex"
File: tikzlibraryshapes.geometric.code.tex 2008/01/09 v3.0.1a (rcs-revision 1.1)


("C:/Users/Oleg Popov/AppData/Roaming/MiKTeX/2.9/tex/generic/pgf/libraries/shap
es/pgflibraryshapes.geometric.code.tex"
File: pgflibraryshapes.geometric.code.tex 2008/06/26 v3.0.1a (rcs-revision 1.1)
))
("C:/Users/Oleg Popov/AppData/Roaming/MiKTeX/2.9/tex/generic/pgf/graphdrawing/t
ex/tikzlibrarygraphdrawing.code.tex"
File: tikzlibrarygraphdrawing.code.tex 2013/08/05 v3.0.1a (rcs-revision 1.20)

("C:/Users/Oleg Popov/AppData/Roaming/MiKTeX/2.9/tex/generic/pgf/graphdrawing/t
ex/pgflibrarygraphdrawing.code.tex"
File: pgflibrarygraphdrawing.code.tex 2015/06/08 v3.0.1a (rcs-revision 1.39)
\pgf@gd@parameter@stack@height=\count133
\pgf@gd@node@box=\box41
\pgf@gd@edge@box=\box42
\pgf@gd@prekind@box=\box43
\pgf@gd@postkind@box=\box44
))
("C:/Users/Oleg Popov/Dropbox/XlaM/ProjectsDB/LQ_Neutrino_Mass/tikzfeynman.keys
.code.tex")))
("C:/Users/Oleg Popov/AppData/Roaming/MiKTeX/2.9/tex/latex/feynmf/feynmp.sty"
Package: feynmp 1996/12/02 v1.08 LaTeX/MetaPost Feynman Diagram Package (ohl)
\@outfmf=\write4
\fmfbuf@=\toks37
\c@fmfgraph=\count134
)
("C:/Users/Oleg Popov/Dropbox/XlaM/ProjectsDB/LQ_Neutrino_Mass/LQ_M_nu.aux")
LaTeX Font Info:    Checking defaults for OML/cmm/m/it on input line 14.
LaTeX Font Info:    ... okay on input line 14.
LaTeX Font Info:    Checking defaults for T1/cmr/m/n on input line 14.
LaTeX Font Info:    ... okay on input line 14.
LaTeX Font Info:    Checking defaults for OT1/cmr/m/n on input line 14.
LaTeX Font Info:    ... okay on input line 14.
LaTeX Font Info:    Checking defaults for OMS/cmsy/m/n on input line 14.
LaTeX Font Info:    ... okay on input line 14.
LaTeX Font Info:    Checking defaults for OMX/cmex/m/n on input line 14.
LaTeX Font Info:    ... okay on input line 14.
LaTeX Font Info:    Checking defaults for U/cmr/m/n on input line 14.
LaTeX Font Info:    ... okay on input line 14.

*geometry* driver: auto-detecting
*geometry* detected driver: pdftex
*geometry* verbose mode - [ preamble ] result:
* driver: pdftex
* paper: letterpaper
* layout: <same size as paper>
* layoutoffset:(h,v)=(0.0pt,0.0pt)
* modes: 
* h-part:(L,W,R)=(36.135pt, 542.02501pt, 36.135pt)
* v-part:(T,H,B)=(36.135pt, 722.7pt, 36.135pt)
* \paperwidth=614.295pt
* \paperheight=794.96999pt
* \textwidth=542.02501pt
* \textheight=722.7pt
* \oddsidemargin=-36.135pt
* \evensidemargin=-36.135pt
* \topmargin=-73.135pt
* \headheight=12.0pt
* \headsep=25.0pt
* \topskip=10.0pt
* \footskip=30.0pt
* \marginparwidth=65.0pt
* \marginparsep=11.0pt
* \columnsep=10.0pt
* \skip\footins=9.0pt plus 4.0pt minus 2.0pt
* \hoffset=0.0pt
* \voffset=0.0pt
* \mag=1000
* \@twocolumnfalse
* \@twosidefalse
* \@mparswitchfalse
* \@reversemarginfalse
* (1in=72.27pt=25.4mm, 1cm=28.453pt)

("C:/Users/Oleg Popov/AppData/Roaming/MiKTeX/2.9/tex/context/base/supp-pdf.mkii
"
[Loading MPS to PDF converter (version 2006.09.02).]
\scratchcounter=\count135
\scratchdimen=\dimen197
\scratchbox=\box45
\nofMPsegments=\count136
\nofMParguments=\count137
\everyMPshowfont=\toks38
\MPscratchCnt=\count138
\MPscratchDim=\dimen198
\MPnumerator=\count139
\makeMPintoPDFobject=\count140
\everyMPtoPDFconversion=\toks39
)
Package caption Info: Begin \AtBeginDocument code.
Package caption Info: End \AtBeginDocument code.
 ABD: EveryShipout initializing macros
LaTeX Font Info:    Try loading font information for U+rsfs on input line 16.

("C:/Program Files (x86)/MiKTeX 2.9/tex/latex/jknappen/ursfs.fd"
File: ursfs.fd 1998/03/24 rsfs font definition file (jk)
)
LaTeX Font Info:    Try loading font information for OMS+cmr on input line 29.

("C:/Program Files (x86)/MiKTeX 2.9/tex/latex/base/omscmr.fd"
File: omscmr.fd 1999/05/25 v2.5h Standard LaTeX font definitions
)
LaTeX Font Info:    Font shape `OMS/cmr/m/n' in size <10> not available
(Font)              Font shape `OMS/cmsy/m/n' tried instead on input line 29.

Overfull \hbox (29.09958pt too wide) in paragraph at lines 140--169
[][] []
 []


Underfull \hbox (badness 10000) in paragraph at lines 140--169

 []

[1

{C:/Users/Oleg Popov/AppData/Local/MiKTeX/2.9/pdftex/config/pdftex.map}]
[2] ("C:/Users/Oleg Popov/Dropbox/XlaM/ProjectsDB/LQ_Neutrino_Mass/LQ_M_nu.aux"
) )

Here is how much of LuaTeX's memory you used:
 18600 strings out of 494074
 100000,552014 words of node,token memory allocated
 401 words of node memory still in use:
    nodes
   avail lists: 1:8,2:44,3:1863,4:3626,5:66,6:552,7:95,8:1,9:819,10:37
 21555 multiletter control sequences out of 65536+200000
 39 fonts using 1101519 bytes
 64i,15n,105p,459b,1983s stack positions out of 5000i,500n,10000p,200000b,50000s
<C:/Program Files (x86)/MiKTeX 2.9/fonts/type1/public/amsfonts/cm/cmbx12.pfb><C:
/Program Files (x86)/MiKTeX 2.9/fonts/type1/public/amsfonts/cm/cmex10.pfb><C:/Pr
ogram Files (x86)/MiKTeX 2.9/fonts/type1/public/amsfonts/cmextra/cmex7.pfb><C:/P
rogram Files (x86)/MiKTeX 2.9/fonts/type1/public/amsfonts/cm/cmmi10.pfb><C:/Prog
ram Files (x86)/MiKTeX 2.9/fonts/type1/public/amsfonts/cm/cmmi12.pfb><C:/Program
 Files (x86)/MiKTeX 2.9/fonts/type1/public/amsfonts/cm/cmmi5.pfb><C:/Program Fil
es (x86)/MiKTeX 2.9/fonts/type1/public/amsfonts/cm/cmmi7.pfb><C:/Program Files (
x86)/MiKTeX 2.9/fonts/type1/public/amsfonts/cm/cmr10.pfb><C:/Program Files (x86)
/MiKTeX 2.9/fonts/type1/public/amsfonts/cm/cmr12.pfb><C:/Program Files (x86)/MiK
TeX 2.9/fonts/type1/public/amsfonts/cm/cmr7.pfb><C:/Program Files (x86)/MiKTeX 2
.9/fonts/type1/public/amsfonts/cm/cmr9.pfb><C:/Program Files (x86)/MiKTeX 2.9/fo
nts/type1/public/amsfonts/cm/cmsy10.pfb><C:/Program Files (x86)/MiKTeX 2.9/fonts
/type1/public/amsfonts/cm/cmsy7.pfb>
Output written on LQ_M_nu.pdf (2 pages, 149334 bytes).

PDF statistics: 64 PDF objects out of 1000 (max. 8388607)
 0 named destinations out of 1000 (max. 131072)
 16 words of extra memory for PDF output out of 10000 (max. 10000000)

